#-----------------------------------------------------------
# Vivado v2021.1 (64-bit)
# SW Build 3247384 on Thu Jun 10 19:36:33 MDT 2021
# IP Build 3246043 on Fri Jun 11 00:30:35 MDT 2021
# Start of session at: Mon Apr  4 15:05:05 2022
# Process ID: 17124
# Current directory: D:/colab_2022/CO_LAB1/lab_1
# Command line: vivado.exe -gui_launcher_event rodinguilauncherevent15164 D:\colab_2022\CO_LAB1\lab_1\lab_1.xpr
# Log file: D:/colab_2022/CO_LAB1/lab_1/vivado.log
# Journal file: D:/colab_2022/CO_LAB1/lab_1\vivado.jou
#-----------------------------------------------------------
Sourcing tcl script 'D:/vivado/Vivado/2021.1/scripts/Vivado_init.tcl'
start_gui
open_project D:/colab_2022/CO_LAB1/lab_1/lab_1.xpr
WARNING: [filemgmt 56-3] Default IP Output Path : Could not find the directory 'D:/colab_2022/CO_LAB1/lab_1/lab_1.gen/sources_1'.
Scanning sources...
Finished scanning sources
INFO: [IP_Flow 19-234] Refreshing IP repositories
INFO: [IP_Flow 19-1704] No user IP repositories specified
INFO: [IP_Flow 19-2313] Loaded Vivado IP repository 'D:/vivado/Vivado/2021.1/data/ip'.
open_project: Time (s): cpu = 00:00:21 ; elapsed = 00:00:10 . Memory (MB): peak = 1457.129 ; gain = 0.000
update_compile_order -fileset sources_1
exit
INFO: [Common 17-206] Exiting Vivado at Tue Apr  5 01:50:08 2022...
