#-----------------------------------------------------------
# Vivado v2021.1 (64-bit)
# SW Build 3247384 on Thu Jun 10 19:36:33 MDT 2021
# IP Build 3246043 on Fri Jun 11 00:30:35 MDT 2021
# Start of session at: Sun Jun  5 20:35:27 2022
# Process ID: 14268
# Current directory: D:/colab_2022/CO_LAB4/lab_4
# Command line: vivado.exe -gui_launcher_event rodinguilauncherevent15716 D:\colab_2022\CO_LAB4\lab_4\lab_4.xpr
# Log file: D:/colab_2022/CO_LAB4/lab_4/vivado.log
# Journal file: D:/colab_2022/CO_LAB4/lab_4\vivado.jou
#-----------------------------------------------------------
Sourcing tcl script 'D:/vivado/Vivado/2021.1/scripts/Vivado_init.tcl'
start_gui
open_project D:/colab_2022/CO_LAB4/lab_4/lab_4.xpr
WARNING: [filemgmt 56-3] Default IP Output Path : Could not find the directory 'D:/colab_2022/CO_LAB4/lab_4/lab_4.gen/sources_1'.
Scanning sources...
Finished scanning sources
INFO: [IP_Flow 19-234] Refreshing IP repositories
INFO: [IP_Flow 19-1704] No user IP repositories specified
INFO: [IP_Flow 19-2313] Loaded Vivado IP repository 'D:/vivado/Vivado/2021.1/data/ip'.
open_project: Time (s): cpu = 00:00:20 ; elapsed = 00:00:10 . Memory (MB): peak = 1118.367 ; gain = 0.000
update_compile_order -fileset sources_1
launch_simulation
Command: launch_simulation 
INFO: [Vivado 12-12493] Simulation top is 'TestBench'
INFO: [Vivado 12-5682] Launching behavioral simulation in 'D:/colab_2022/CO_LAB4/lab_4/lab_4.sim/sim_1/behav/xsim'
INFO: [SIM-utils-51] Simulation object is 'sim_1'
INFO: [SIM-utils-72] Using boost library from 'D:/vivado/Vivado/2021.1/tps/boost_1_72_0'
INFO: [SIM-utils-54] Inspecting design source files for 'TestBench' in fileset 'sim_1'...
INFO: [SIM-utils-43] Exported 'D:/colab_2022/CO_LAB4/lab_4/lab_4.sim/sim_1/behav/xsim/CO_P4_test_1.txt'
INFO: [SIM-utils-43] Exported 'D:/colab_2022/CO_LAB4/lab_4/lab_4.sim/sim_1/behav/xsim/CO_P4_test_2.txt'
INFO: [USF-XSim-97] Finding global include files...
INFO: [USF-XSim-98] Fetching design files from 'sim_1'...
INFO: [USF-XSim-2] XSim::Compile design
INFO: [USF-XSim-61] Executing 'COMPILE and ANALYZE' step in 'D:/colab_2022/CO_LAB4/lab_4/lab_4.sim/sim_1/behav/xsim'
"xvlog --incr --relax -prj TestBench_vlog.prj"
INFO: [VRFC 10-2263] Analyzing Verilog file "D:/colab_2022/CO_LAB4/lab_4/lab_4.srcs/sources_1/imports/lab4_code/ALU.v" into library xil_defaultlib
INFO: [VRFC 10-311] analyzing module ALU
INFO: [VRFC 10-2263] Analyzing Verilog file "D:/colab_2022/CO_LAB4/lab_4/lab_4.srcs/sources_1/imports/lab4_code/ALU_Ctrl.v" into library xil_defaultlib
INFO: [VRFC 10-311] analyzing module ALU_Control
INFO: [VRFC 10-2263] Analyzing Verilog file "D:/colab_2022/CO_LAB4/lab_4/lab_4.srcs/sources_1/imports/lab4_code/Adder.v" into library xil_defaultlib
INFO: [VRFC 10-311] analyzing module Adder
INFO: [VRFC 10-2263] Analyzing Verilog file "D:/colab_2022/CO_LAB4/lab_4/lab_4.srcs/sources_1/imports/lab4_code/Data_Memory.v" into library xil_defaultlib
INFO: [VRFC 10-311] analyzing module Data_Memory
INFO: [VRFC 10-2263] Analyzing Verilog file "D:/colab_2022/CO_LAB4/lab_4/lab_4.srcs/sources_1/imports/lab4_code/Decoder.v" into library xil_defaultlib
INFO: [VRFC 10-311] analyzing module Decoder
INFO: [VRFC 10-2263] Analyzing Verilog file "D:/colab_2022/CO_LAB4/lab_4/lab_4.srcs/sources_1/imports/lab4_code/Instruction_Memory.v" into library xil_defaultlib
INFO: [VRFC 10-311] analyzing module Instruction_Memory
INFO: [VRFC 10-2263] Analyzing Verilog file "D:/colab_2022/CO_LAB4/lab_4/lab_4.srcs/sources_1/imports/lab4_code/MUX_2to1.v" into library xil_defaultlib
INFO: [VRFC 10-311] analyzing module MUX_2to1
INFO: [VRFC 10-2263] Analyzing Verilog file "D:/colab_2022/CO_LAB4/lab_4/lab_4.srcs/sources_1/imports/lab4_code/Pipe_CPU_1.v" into library xil_defaultlib
INFO: [VRFC 10-311] analyzing module Pipe_CPU_1
INFO: [VRFC 10-2263] Analyzing Verilog file "D:/colab_2022/CO_LAB4/lab_4/lab_4.srcs/sources_1/imports/lab4_code/Pipe_Reg.v" into library xil_defaultlib
INFO: [VRFC 10-311] analyzing module Pipe_Reg
INFO: [VRFC 10-2263] Analyzing Verilog file "D:/colab_2022/CO_LAB4/lab_4/lab_4.srcs/sources_1/imports/lab4_code/ProgramCounter.v" into library xil_defaultlib
INFO: [VRFC 10-311] analyzing module ProgramCounter
INFO: [VRFC 10-2263] Analyzing Verilog file "D:/colab_2022/CO_LAB4/lab_4/lab_4.srcs/sources_1/imports/lab4_code/Reg_File.v" into library xil_defaultlib
INFO: [VRFC 10-311] analyzing module Reg_File
INFO: [VRFC 10-2263] Analyzing Verilog file "D:/colab_2022/CO_LAB4/lab_4/lab_4.srcs/sources_1/imports/lab4_code/Shift_Left_Two_32.v" into library xil_defaultlib
INFO: [VRFC 10-311] analyzing module Shift_Left_Two_32
INFO: [VRFC 10-2263] Analyzing Verilog file "D:/colab_2022/CO_LAB4/lab_4/lab_4.srcs/sources_1/imports/lab4_code/Sign_Extend.v" into library xil_defaultlib
INFO: [VRFC 10-311] analyzing module Sign_Extend
INFO: [VRFC 10-2263] Analyzing Verilog file "D:/colab_2022/CO_LAB4/lab_4/lab_4.srcs/sources_1/imports/lab4_code/TestBench.v" into library xil_defaultlib
INFO: [VRFC 10-311] analyzing module TestBench
INFO: [USF-XSim-69] 'compile' step finished in '3' seconds
INFO: [USF-XSim-3] XSim::Elaborate design
INFO: [USF-XSim-61] Executing 'ELABORATE' step in 'D:/colab_2022/CO_LAB4/lab_4/lab_4.sim/sim_1/behav/xsim'
"xelab -wto 4c9c8eac7acb4672a93418af8ad62d56 --incr --debug typical --relax --mt 32 -L xil_defaultlib -L unisims_ver -L unimacro_ver -L secureip --snapshot TestBench_behav xil_defaultlib.TestBench xil_defaultlib.glbl -log elaborate.log"
Vivado Simulator v2021.1
Copyright 1986-1999, 2001-2021 Xilinx, Inc. All Rights Reserved.
Running: D:/vivado/Vivado/2021.1/bin/unwrapped/win64.o/xelab.exe -wto 4c9c8eac7acb4672a93418af8ad62d56 --incr --debug typical --relax --mt 32 -L xil_defaultlib -L unisims_ver -L unimacro_ver -L secureip --snapshot TestBench_behav xil_defaultlib.TestBench xil_defaultlib.glbl -log elaborate.log 
Using 32 slave threads.
Starting static elaboration
Pass Through NonSizing Optimizer
WARNING: [VRFC 10-3091] actual bit length 2 differs from formal bit length 1 for port 'select_i' [D:/colab_2022/CO_LAB4/lab_4/lab_4.srcs/sources_1/imports/lab4_code/Pipe_CPU_1.v:196]
WARNING: [VRFC 10-3091] actual bit length 2 differs from formal bit length 1 for port 'select_i' [D:/colab_2022/CO_LAB4/lab_4/lab_4.srcs/sources_1/imports/lab4_code/Pipe_CPU_1.v:245]
Completed static elaboration
Starting simulation data flow analysis
WARNING: [XSIM 43-4099] "D:/colab_2022/CO_LAB4/lab_4/lab_4.srcs/sources_1/imports/lab4_code/Adder.v" Line 13. Module Adder doesn't have a timescale but at least one module in design has a timescale.
WARNING: [XSIM 43-4099] "D:/colab_2022/CO_LAB4/lab_4/lab_4.srcs/sources_1/imports/lab4_code/ALU.v" Line 13. Module ALU doesn't have a timescale but at least one module in design has a timescale.
WARNING: [XSIM 43-4099] "D:/colab_2022/CO_LAB4/lab_4/lab_4.srcs/sources_1/imports/lab4_code/ALU_Ctrl.v" Line 13. Module ALU_Control doesn't have a timescale but at least one module in design has a timescale.
WARNING: [XSIM 43-4099] "D:/colab_2022/CO_LAB4/lab_4/lab_4.srcs/sources_1/imports/lab4_code/Adder.v" Line 13. Module Adder doesn't have a timescale but at least one module in design has a timescale.
WARNING: [XSIM 43-4099] "D:/colab_2022/CO_LAB4/lab_4/lab_4.srcs/sources_1/imports/lab4_code/Adder.v" Line 13. Module Adder doesn't have a timescale but at least one module in design has a timescale.
WARNING: [XSIM 43-4099] "D:/colab_2022/CO_LAB4/lab_4/lab_4.srcs/sources_1/imports/lab4_code/ALU.v" Line 13. Module ALU doesn't have a timescale but at least one module in design has a timescale.
WARNING: [XSIM 43-4099] "D:/colab_2022/CO_LAB4/lab_4/lab_4.srcs/sources_1/imports/lab4_code/ALU_Ctrl.v" Line 13. Module ALU_Control doesn't have a timescale but at least one module in design has a timescale.
WARNING: [XSIM 43-4099] "D:/colab_2022/CO_LAB4/lab_4/lab_4.srcs/sources_1/imports/lab4_code/Adder.v" Line 13. Module Adder doesn't have a timescale but at least one module in design has a timescale.
Completed simulation data flow analysis
Time Resolution for simulation is 1ps
Compiling module xil_defaultlib.MUX_2to1(size=32)
Compiling module xil_defaultlib.ProgramCounter
Compiling module xil_defaultlib.Instruction_Memory
Compiling module xil_defaultlib.Adder
Compiling module xil_defaultlib.Pipe_Reg(size=64)
Compiling module xil_defaultlib.Reg_File
Compiling module xil_defaultlib.Decoder
Compiling module xil_defaultlib.Sign_Extend
Compiling module xil_defaultlib.Pipe_Reg(size=150)
Compiling module xil_defaultlib.Shift_Left_Two_32
Compiling module xil_defaultlib.ALU
Compiling module xil_defaultlib.ALU_Control
Compiling module xil_defaultlib.MUX_2to1(size=5)
Compiling module xil_defaultlib.Pipe_Reg(size=108)
Compiling module xil_defaultlib.Data_Memory
Compiling module xil_defaultlib.Pipe_Reg(size=72)
Compiling module xil_defaultlib.Pipe_CPU_1
Compiling module xil_defaultlib.TestBench
Compiling module xil_defaultlib.glbl
Built simulation snapshot TestBench_behav
INFO: [USF-XSim-69] 'elaborate' step finished in '4' seconds
INFO: [USF-XSim-4] XSim::Simulate design
INFO: [USF-XSim-61] Executing 'SIMULATE' step in 'D:/colab_2022/CO_LAB4/lab_4/lab_4.sim/sim_1/behav/xsim'
INFO: [USF-XSim-98] *** Running xsim
   with args "TestBench_behav -key {Behavioral:sim_1:Functional:TestBench} -tclbatch {TestBench.tcl} -log {simulate.log}"
INFO: [USF-XSim-8] Loading simulator feature
Time resolution is 1 ps
source TestBench.tcl
# set curr_wave [current_wave_config]
# if { [string length $curr_wave] == 0 } {
#   if { [llength [get_objects]] > 0} {
#     add_wave /
#     set_property needs_save false [current_wave_config]
#   } else {
#      send_msg_id Add_Wave-1 WARNING "No top level signals found. Simulator will start without a wave window. If you want to open a wave window go to 'File->New Waveform Configuration' or type 'create_wave_config' in the TCL console."
#   }
# }
# run 1000ns
Register===========================================================

r0=          0, r1=          0, r2=          0, r3=          0, r4=          0, r5=          0, r6=          0, r7=          0
 
r8=          0, r9=          0, r10=          0, r11=          0, r12=          0, r13=          0, r14=          0, r15=          0
 
r16=          0, r17=          0, r18=          0, r19=          0, r20=          0, r21=          0, r22=          0, r23=          0
 
r24=          0, r25=          0, r26=          0, r27=          0, r28=          0, r29=          0, r30=          0, r31=          0
 

Memory===========================================================

m0=         0, m1=         0, m2=         0, m3=         0, m4=         0, m5=         0, m6=         0, m7=         0

m8=         0, m9=         0, m10=         0, m11=         0, m12=         0, m13=         0, m14=         0, m15=         0

r16=         0, m17=         0, m18=         0, m19=         0, m20=         0, m21=         0, m22=         0, m23=         0

m24=         0, m25=         0, m26=         0, m27=         0, m28=         0, m29=         0, m30=         0, m31=         0
Register===========================================================

r0=          0, r1=          0, r2=          0, r3=          0, r4=          0, r5=          0, r6=          0, r7=          0
 
r8=          0, r9=          0, r10=          0, r11=          0, r12=          0, r13=          0, r14=          0, r15=          0
 
r16=          0, r17=          0, r18=          0, r19=          0, r20=          0, r21=          0, r22=          0, r23=          0
 
r24=          0, r25=          0, r26=          0, r27=          0, r28=          0, r29=          0, r30=          0, r31=          0
 

Memory===========================================================

m0=         0, m1=         0, m2=         0, m3=         0, m4=         0, m5=         0, m6=         0, m7=         0

m8=         0, m9=         0, m10=         0, m11=         0, m12=         0, m13=         0, m14=         0, m15=         0

r16=         0, m17=         0, m18=         0, m19=         0, m20=         0, m21=         0, m22=         0, m23=         0

m24=         0, m25=         0, m26=         0, m27=         0, m28=         0, m29=         0, m30=         0, m31=         0
Register===========================================================

r0=          0, r1=          0, r2=          0, r3=          0, r4=          0, r5=          0, r6=          0, r7=          0
 
r8=          0, r9=          0, r10=          0, r11=          0, r12=          0, r13=          0, r14=          0, r15=          0
 
r16=          0, r17=          0, r18=          0, r19=          0, r20=          0, r21=          0, r22=          0, r23=          0
 
r24=          0, r25=          0, r26=          0, r27=          0, r28=          0, r29=          0, r30=          0, r31=          0
 

Memory===========================================================

m0=         0, m1=         0, m2=         0, m3=         0, m4=         0, m5=         0, m6=         0, m7=         0

m8=         0, m9=         0, m10=         0, m11=         0, m12=         0, m13=         0, m14=         0, m15=         0

r16=         0, m17=         0, m18=         0, m19=         0, m20=         0, m21=         0, m22=         0, m23=         0

m24=         0, m25=         0, m26=         0, m27=         0, m28=         0, m29=         0, m30=         0, m31=         0
Register===========================================================

r0=          0, r1=          0, r2=          0, r3=          0, r4=          0, r5=          0, r6=          0, r7=          0
 
r8=          0, r9=          0, r10=          0, r11=          0, r12=          0, r13=          0, r14=          0, r15=          0
 
r16=          0, r17=          0, r18=          0, r19=          0, r20=          0, r21=          0, r22=          0, r23=          0
 
r24=          0, r25=          0, r26=          0, r27=          0, r28=          0, r29=          0, r30=          0, r31=          0
 

Memory===========================================================

m0=         0, m1=         0, m2=         0, m3=         0, m4=         0, m5=         0, m6=         0, m7=         0

m8=         0, m9=         0, m10=         0, m11=         0, m12=         0, m13=         0, m14=         0, m15=         0

r16=         0, m17=         0, m18=         0, m19=         0, m20=         0, m21=         0, m22=         0, m23=         0

m24=         0, m25=         0, m26=         0, m27=         0, m28=         0, m29=         0, m30=         0, m31=         0
Register===========================================================

r0=          0, r1=          0, r2=          0, r3=          0, r4=          0, r5=          0, r6=          0, r7=          0
 
r8=          0, r9=          0, r10=          0, r11=          0, r12=          0, r13=          0, r14=          0, r15=          0
 
r16=          0, r17=          0, r18=          0, r19=          0, r20=          0, r21=          0, r22=          0, r23=          0
 
r24=          0, r25=          0, r26=          0, r27=          0, r28=          0, r29=          0, r30=          0, r31=          0
 

Memory===========================================================

m0=         0, m1=         0, m2=         0, m3=         0, m4=         0, m5=         0, m6=         0, m7=         0

m8=         0, m9=         0, m10=         0, m11=         0, m12=         0, m13=         0, m14=         0, m15=         0

r16=         0, m17=         0, m18=         0, m19=         0, m20=         0, m21=         0, m22=         0, m23=         0

m24=         0, m25=         0, m26=         0, m27=         0, m28=         0, m29=         0, m30=         0, m31=         0
Register===========================================================

r0=          0, r1=          0, r2=          0, r3=          0, r4=          0, r5=          0, r6=          0, r7=          0
 
r8=          0, r9=          0, r10=          0, r11=          0, r12=          0, r13=          0, r14=          0, r15=          0
 
r16=          0, r17=          0, r18=          0, r19=          0, r20=          0, r21=          0, r22=          0, r23=          0
 
r24=          0, r25=          0, r26=          0, r27=          0, r28=          0, r29=          0, r30=          0, r31=          0
 

Memory===========================================================

m0=         0, m1=         0, m2=         0, m3=         0, m4=         0, m5=         0, m6=         0, m7=         0

m8=         0, m9=         0, m10=         0, m11=         0, m12=         0, m13=         0, m14=         0, m15=         0

r16=         0, m17=         0, m18=         0, m19=         0, m20=         0, m21=         0, m22=         0, m23=         0

m24=         0, m25=         0, m26=         0, m27=         0, m28=         0, m29=         0, m30=         0, m31=         0
Register===========================================================

r0=          0, r1=          0, r2=          0, r3=          0, r4=          0, r5=          0, r6=          0, r7=          0
 
r8=          0, r9=          0, r10=          0, r11=          0, r12=          0, r13=          0, r14=          0, r15=          0
 
r16=          0, r17=          0, r18=          0, r19=          0, r20=          0, r21=          0, r22=          0, r23=          0
 
r24=          0, r25=          0, r26=          0, r27=          0, r28=          0, r29=          0, r30=          0, r31=          0
 

Memory===========================================================

m0=         0, m1=         0, m2=         0, m3=         0, m4=         0, m5=         0, m6=         0, m7=         0

m8=         0, m9=         0, m10=         0, m11=         0, m12=         0, m13=         0, m14=         0, m15=         0

r16=         0, m17=         0, m18=         0, m19=         0, m20=         0, m21=         0, m22=         0, m23=         0

m24=         0, m25=         0, m26=         0, m27=         0, m28=         0, m29=         0, m30=         0, m31=         0
Register===========================================================

r0=          0, r1=          0, r2=          0, r3=          0, r4=          0, r5=          0, r6=          0, r7=          0
 
r8=          0, r9=          0, r10=          0, r11=          0, r12=          0, r13=          0, r14=          0, r15=          0
 
r16=          0, r17=          0, r18=          0, r19=          0, r20=          0, r21=          0, r22=          0, r23=          0
 
r24=          0, r25=          0, r26=          0, r27=          0, r28=          0, r29=          0, r30=          0, r31=          0
 

Memory===========================================================

m0=         0, m1=         0, m2=         0, m3=         0, m4=         0, m5=         0, m6=         0, m7=         0

m8=         0, m9=         0, m10=         0, m11=         0, m12=         0, m13=         0, m14=         0, m15=         0

r16=         0, m17=         0, m18=         0, m19=         0, m20=         0, m21=         0, m22=         0, m23=         0

m24=         0, m25=         0, m26=         0, m27=         0, m28=         0, m29=         0, m30=         0, m31=         0
Register===========================================================

r0=          0, r1=          0, r2=          0, r3=          0, r4=          0, r5=          0, r6=          0, r7=          0
 
r8=          0, r9=          0, r10=          0, r11=          0, r12=          0, r13=          0, r14=          0, r15=          0
 
r16=          0, r17=          0, r18=          0, r19=          0, r20=          0, r21=          0, r22=          0, r23=          0
 
r24=          0, r25=          0, r26=          0, r27=          0, r28=          0, r29=          0, r30=          0, r31=          0
 

Memory===========================================================

m0=         0, m1=         0, m2=         0, m3=         0, m4=         0, m5=         0, m6=         0, m7=         0

m8=         0, m9=         0, m10=         0, m11=         0, m12=         0, m13=         0, m14=         0, m15=         0

r16=         0, m17=         0, m18=         0, m19=         0, m20=         0, m21=         0, m22=         0, m23=         0

m24=         0, m25=         0, m26=         0, m27=         0, m28=         0, m29=         0, m30=         0, m31=         0
Register===========================================================

r0=          0, r1=          0, r2=          0, r3=          0, r4=          0, r5=          0, r6=          0, r7=          0
 
r8=          0, r9=          0, r10=          0, r11=          0, r12=          0, r13=          0, r14=          0, r15=          0
 
r16=          0, r17=          0, r18=          0, r19=          0, r20=          0, r21=          0, r22=          0, r23=          0
 
r24=          0, r25=          0, r26=          0, r27=          0, r28=          0, r29=          0, r30=          0, r31=          0
 

Memory===========================================================

m0=         0, m1=         0, m2=         0, m3=         0, m4=         0, m5=         0, m6=         0, m7=         0

m8=         0, m9=         0, m10=         0, m11=         0, m12=         0, m13=         0, m14=         0, m15=         0

r16=         0, m17=         0, m18=         0, m19=         0, m20=         0, m21=         0, m22=         0, m23=         0

m24=         0, m25=         0, m26=         0, m27=         0, m28=         0, m29=         0, m30=         0, m31=         0
Register===========================================================

r0=          0, r1=          0, r2=          0, r3=          0, r4=          0, r5=          0, r6=          0, r7=          0
 
r8=          0, r9=          0, r10=          0, r11=          0, r12=          0, r13=          0, r14=          0, r15=          0
 
r16=          0, r17=          0, r18=          0, r19=          0, r20=          0, r21=          0, r22=          0, r23=          0
 
r24=          0, r25=          0, r26=          0, r27=          0, r28=          0, r29=          0, r30=          0, r31=          0
 

Memory===========================================================

m0=         0, m1=         0, m2=         0, m3=         0, m4=         0, m5=         0, m6=         0, m7=         0

m8=         0, m9=         0, m10=         0, m11=         0, m12=         0, m13=         0, m14=         0, m15=         0

r16=         0, m17=         0, m18=         0, m19=         0, m20=         0, m21=         0, m22=         0, m23=         0

m24=         0, m25=         0, m26=         0, m27=         0, m28=         0, m29=         0, m30=         0, m31=         0
Register===========================================================

r0=          0, r1=          0, r2=          0, r3=          0, r4=          0, r5=          0, r6=          0, r7=          0
 
r8=          0, r9=          0, r10=          0, r11=          0, r12=          0, r13=          0, r14=          0, r15=          0
 
r16=          0, r17=          0, r18=          0, r19=          0, r20=          0, r21=          0, r22=          0, r23=          0
 
r24=          0, r25=          0, r26=          0, r27=          0, r28=          0, r29=          0, r30=          0, r31=          0
 

Memory===========================================================

m0=         0, m1=         0, m2=         0, m3=         0, m4=         0, m5=         0, m6=         0, m7=         0

m8=         0, m9=         0, m10=         0, m11=         0, m12=         0, m13=         0, m14=         0, m15=         0

r16=         0, m17=         0, m18=         0, m19=         0, m20=         0, m21=         0, m22=         0, m23=         0

m24=         0, m25=         0, m26=         0, m27=         0, m28=         0, m29=         0, m30=         0, m31=         0
Register===========================================================

r0=          0, r1=          0, r2=          0, r3=          0, r4=          0, r5=          0, r6=          0, r7=          0
 
r8=          0, r9=          0, r10=          0, r11=          0, r12=          0, r13=          0, r14=          0, r15=          0
 
r16=          0, r17=          0, r18=          0, r19=          0, r20=          0, r21=          0, r22=          0, r23=          0
 
r24=          0, r25=          0, r26=          0, r27=          0, r28=          0, r29=          0, r30=          0, r31=          0
 

Memory===========================================================

m0=         0, m1=         0, m2=         0, m3=         0, m4=         0, m5=         0, m6=         0, m7=         0

m8=         0, m9=         0, m10=         0, m11=         0, m12=         0, m13=         0, m14=         0, m15=         0

r16=         0, m17=         0, m18=         0, m19=         0, m20=         0, m21=         0, m22=         0, m23=         0

m24=         0, m25=         0, m26=         0, m27=         0, m28=         0, m29=         0, m30=         0, m31=         0
Register===========================================================

r0=          0, r1=          0, r2=          0, r3=          0, r4=          0, r5=          0, r6=          0, r7=          0
 
r8=          0, r9=          0, r10=          0, r11=          0, r12=          0, r13=          0, r14=          0, r15=          0
 
r16=          0, r17=          0, r18=          0, r19=          0, r20=          0, r21=          0, r22=          0, r23=          0
 
r24=          0, r25=          0, r26=          0, r27=          0, r28=          0, r29=          0, r30=          0, r31=          0
 

Memory===========================================================

m0=         0, m1=         0, m2=         0, m3=         0, m4=         0, m5=         0, m6=         0, m7=         0

m8=         0, m9=         0, m10=         0, m11=         0, m12=         0, m13=         0, m14=         0, m15=         0

r16=         0, m17=         0, m18=         0, m19=         0, m20=         0, m21=         0, m22=         0, m23=         0

m24=         0, m25=         0, m26=         0, m27=         0, m28=         0, m29=         0, m30=         0, m31=         0
Register===========================================================

r0=          0, r1=          0, r2=          0, r3=          0, r4=          0, r5=          0, r6=          0, r7=          0
 
r8=          0, r9=          0, r10=          0, r11=          0, r12=          0, r13=          0, r14=          0, r15=          0
 
r16=          0, r17=          0, r18=          0, r19=          0, r20=          0, r21=          0, r22=          0, r23=          0
 
r24=          0, r25=          0, r26=          0, r27=          0, r28=          0, r29=          0, r30=          0, r31=          0
 

Memory===========================================================

m0=         0, m1=         0, m2=         0, m3=         0, m4=         0, m5=         0, m6=         0, m7=         0

m8=         0, m9=         0, m10=         0, m11=         0, m12=         0, m13=         0, m14=         0, m15=         0

r16=         0, m17=         0, m18=         0, m19=         0, m20=         0, m21=         0, m22=         0, m23=         0

m24=         0, m25=         0, m26=         0, m27=         0, m28=         0, m29=         0, m30=         0, m31=         0
Register===========================================================

r0=          0, r1=          0, r2=          0, r3=          0, r4=          0, r5=          0, r6=          0, r7=          0
 
r8=          0, r9=          0, r10=         16, r11=          0, r12=          0, r13=          0, r14=          0, r15=          0
 
r16=          0, r17=          0, r18=          0, r19=          0, r20=          0, r21=          0, r22=          0, r23=          0
 
r24=          0, r25=          0, r26=          0, r27=          0, r28=          0, r29=          0, r30=          0, r31=          0
 

Memory===========================================================

m0=         0, m1=         0, m2=         0, m3=         0, m4=         0, m5=         0, m6=         0, m7=         0

m8=         0, m9=         0, m10=         0, m11=         0, m12=         0, m13=         0, m14=         0, m15=         0

r16=         0, m17=         0, m18=         0, m19=         0, m20=         0, m21=         0, m22=         0, m23=         0

m24=         0, m25=         0, m26=         0, m27=         0, m28=         0, m29=         0, m30=         0, m31=         0
Register===========================================================

r0=          0, r1=          0, r2=          0, r3=          0, r4=          0, r5=          0, r6=          0, r7=          0
 
r8=          0, r9=          0, r10=         16, r11=          0, r12=          0, r13=          0, r14=          0, r15=          0
 
r16=          0, r17=          0, r18=          0, r19=          0, r20=          0, r21=          0, r22=          0, r23=          0
 
r24=          0, r25=          0, r26=          0, r27=          0, r28=          0, r29=          0, r30=          0, r31=          0
 

Memory===========================================================

m0=         0, m1=         0, m2=         0, m3=         0, m4=         0, m5=         0, m6=         0, m7=         0

m8=         0, m9=         0, m10=         0, m11=         0, m12=         0, m13=         0, m14=         0, m15=         0

r16=         0, m17=         0, m18=         0, m19=         0, m20=         0, m21=         0, m22=         0, m23=         0

m24=         0, m25=         0, m26=         0, m27=         0, m28=         0, m29=         0, m30=         0, m31=         0
Register===========================================================

r0=          0, r1=          0, r2=          0, r3=          0, r4=          0, r5=          0, r6=          0, r7=          0
 
r8=          0, r9=          0, r10=         16, r11=          0, r12=          0, r13=          0, r14=          0, r15=          0
 
r16=          0, r17=          0, r18=          0, r19=          0, r20=          0, r21=          0, r22=          0, r23=          0
 
r24=          0, r25=          0, r26=          0, r27=          0, r28=          0, r29=          0, r30=          0, r31=          0
 

Memory===========================================================

m0=         0, m1=         0, m2=         0, m3=         0, m4=         0, m5=         0, m6=         0, m7=         0

m8=         0, m9=         0, m10=         0, m11=         0, m12=         0, m13=         0, m14=         0, m15=         0

r16=         0, m17=         0, m18=         0, m19=         0, m20=         0, m21=         0, m22=         0, m23=         0

m24=         0, m25=         0, m26=         0, m27=         0, m28=         0, m29=         0, m30=         0, m31=         0
Register===========================================================

r0=          0, r1=          0, r2=          0, r3=          0, r4=          0, r5=          0, r6=          0, r7=          0
 
r8=          0, r9=          0, r10=         16, r11=          0, r12=          0, r13=          0, r14=          0, r15=          0
 
r16=          0, r17=          0, r18=          0, r19=          0, r20=          0, r21=          0, r22=          0, r23=          0
 
r24=          0, r25=          0, r26=          0, r27=          0, r28=          0, r29=          0, r30=          0, r31=          0
 

Memory===========================================================

m0=         0, m1=         0, m2=         0, m3=         0, m4=         0, m5=         0, m6=         0, m7=         0

m8=         0, m9=         0, m10=         0, m11=         0, m12=         0, m13=         0, m14=         0, m15=         0

r16=         0, m17=         0, m18=         0, m19=         0, m20=         0, m21=         0, m22=         0, m23=         0

m24=         0, m25=         0, m26=         0, m27=         0, m28=         0, m29=         0, m30=         0, m31=         0
Register===========================================================

r0=          0, r1=          0, r2=          0, r3=          0, r4=          0, r5=          0, r6=          0, r7=          0
 
r8=          0, r9=          0, r10=         16, r11=          0, r12=          0, r13=          0, r14=          0, r15=          0
 
r16=          0, r17=          0, r18=          0, r19=          0, r20=          0, r21=          0, r22=          0, r23=          0
 
r24=          0, r25=          0, r26=          0, r27=          0, r28=          0, r29=          0, r30=          0, r31=          0
 

Memory===========================================================

m0=         0, m1=         0, m2=         0, m3=         0, m4=         0, m5=         0, m6=         0, m7=         0

m8=         0, m9=         0, m10=         0, m11=         0, m12=         0, m13=         0, m14=         0, m15=         0

r16=         0, m17=         0, m18=         0, m19=         0, m20=         0, m21=         0, m22=         0, m23=         0

m24=         0, m25=         0, m26=         0, m27=         0, m28=         0, m29=         0, m30=         0, m31=         0
Register===========================================================

r0=          0, r1=          0, r2=          0, r3=          0, r4=          0, r5=          0, r6=          0, r7=          0
 
r8=          0, r9=          0, r10=         16, r11=          0, r12=          0, r13=          0, r14=          0, r15=          0
 
r16=          0, r17=          0, r18=          0, r19=          0, r20=          0, r21=          0, r22=          0, r23=          0
 
r24=          0, r25=          0, r26=          0, r27=          0, r28=          0, r29=          0, r30=          0, r31=          0
 

Memory===========================================================

m0=         0, m1=         0, m2=         0, m3=         0, m4=         0, m5=         0, m6=         0, m7=         0

m8=         0, m9=         0, m10=         0, m11=         0, m12=         0, m13=         0, m14=         0, m15=         0

r16=         0, m17=         0, m18=         0, m19=         0, m20=         0, m21=         0, m22=         0, m23=         0

m24=         0, m25=         0, m26=         0, m27=         0, m28=         0, m29=         0, m30=         0, m31=         0
$stop called at time : 210 ns : File "D:/colab_2022/CO_LAB4/lab_4/lab_4.srcs/sources_1/imports/lab4_code/TestBench.v" Line 55
xsim: Time (s): cpu = 00:00:10 ; elapsed = 00:00:05 . Memory (MB): peak = 1118.367 ; gain = 0.000
INFO: [USF-XSim-96] XSim completed. Design snapshot 'TestBench_behav' loaded.
INFO: [USF-XSim-97] XSim simulation ran for 1000ns
launch_simulation: Time (s): cpu = 00:00:11 ; elapsed = 00:00:14 . Memory (MB): peak = 1118.367 ; gain = 0.000
close_sim
INFO: [Simtcl 6-16] Simulation closed
launch_simulation
Command: launch_simulation 
INFO: [Vivado 12-12493] Simulation top is 'TestBench'
INFO: [Vivado 12-5682] Launching behavioral simulation in 'D:/colab_2022/CO_LAB4/lab_4/lab_4.sim/sim_1/behav/xsim'
INFO: [SIM-utils-51] Simulation object is 'sim_1'
INFO: [SIM-utils-72] Using boost library from 'D:/vivado/Vivado/2021.1/tps/boost_1_72_0'
INFO: [SIM-utils-54] Inspecting design source files for 'TestBench' in fileset 'sim_1'...
INFO: [SIM-utils-43] Exported 'D:/colab_2022/CO_LAB4/lab_4/lab_4.sim/sim_1/behav/xsim/CO_P4_test_1.txt'
INFO: [SIM-utils-43] Exported 'D:/colab_2022/CO_LAB4/lab_4/lab_4.sim/sim_1/behav/xsim/CO_P4_test_2.txt'
INFO: [USF-XSim-97] Finding global include files...
INFO: [USF-XSim-98] Fetching design files from 'sim_1'...
INFO: [USF-XSim-2] XSim::Compile design
INFO: [USF-XSim-61] Executing 'COMPILE and ANALYZE' step in 'D:/colab_2022/CO_LAB4/lab_4/lab_4.sim/sim_1/behav/xsim'
"xvlog --incr --relax -prj TestBench_vlog.prj"
INFO: [VRFC 10-2263] Analyzing Verilog file "D:/colab_2022/CO_LAB4/lab_4/lab_4.srcs/sources_1/imports/lab4_code/ALU.v" into library xil_defaultlib
INFO: [VRFC 10-311] analyzing module ALU
INFO: [VRFC 10-2263] Analyzing Verilog file "D:/colab_2022/CO_LAB4/lab_4/lab_4.srcs/sources_1/imports/lab4_code/ALU_Ctrl.v" into library xil_defaultlib
INFO: [VRFC 10-311] analyzing module ALU_Control
INFO: [VRFC 10-2263] Analyzing Verilog file "D:/colab_2022/CO_LAB4/lab_4/lab_4.srcs/sources_1/imports/lab4_code/Adder.v" into library xil_defaultlib
INFO: [VRFC 10-311] analyzing module Adder
INFO: [VRFC 10-2263] Analyzing Verilog file "D:/colab_2022/CO_LAB4/lab_4/lab_4.srcs/sources_1/imports/lab4_code/Data_Memory.v" into library xil_defaultlib
INFO: [VRFC 10-311] analyzing module Data_Memory
INFO: [VRFC 10-2263] Analyzing Verilog file "D:/colab_2022/CO_LAB4/lab_4/lab_4.srcs/sources_1/imports/lab4_code/Decoder.v" into library xil_defaultlib
INFO: [VRFC 10-311] analyzing module Decoder
INFO: [VRFC 10-2263] Analyzing Verilog file "D:/colab_2022/CO_LAB4/lab_4/lab_4.srcs/sources_1/imports/lab4_code/Instruction_Memory.v" into library xil_defaultlib
INFO: [VRFC 10-311] analyzing module Instruction_Memory
INFO: [VRFC 10-2263] Analyzing Verilog file "D:/colab_2022/CO_LAB4/lab_4/lab_4.srcs/sources_1/imports/lab4_code/MUX_2to1.v" into library xil_defaultlib
INFO: [VRFC 10-311] analyzing module MUX_2to1
INFO: [VRFC 10-2263] Analyzing Verilog file "D:/colab_2022/CO_LAB4/lab_4/lab_4.srcs/sources_1/imports/lab4_code/Pipe_CPU_1.v" into library xil_defaultlib
INFO: [VRFC 10-311] analyzing module Pipe_CPU_1
INFO: [VRFC 10-2263] Analyzing Verilog file "D:/colab_2022/CO_LAB4/lab_4/lab_4.srcs/sources_1/imports/lab4_code/Pipe_Reg.v" into library xil_defaultlib
INFO: [VRFC 10-311] analyzing module Pipe_Reg
INFO: [VRFC 10-2263] Analyzing Verilog file "D:/colab_2022/CO_LAB4/lab_4/lab_4.srcs/sources_1/imports/lab4_code/ProgramCounter.v" into library xil_defaultlib
INFO: [VRFC 10-311] analyzing module ProgramCounter
INFO: [VRFC 10-2263] Analyzing Verilog file "D:/colab_2022/CO_LAB4/lab_4/lab_4.srcs/sources_1/imports/lab4_code/Reg_File.v" into library xil_defaultlib
INFO: [VRFC 10-311] analyzing module Reg_File
INFO: [VRFC 10-2263] Analyzing Verilog file "D:/colab_2022/CO_LAB4/lab_4/lab_4.srcs/sources_1/imports/lab4_code/Shift_Left_Two_32.v" into library xil_defaultlib
INFO: [VRFC 10-311] analyzing module Shift_Left_Two_32
INFO: [VRFC 10-2263] Analyzing Verilog file "D:/colab_2022/CO_LAB4/lab_4/lab_4.srcs/sources_1/imports/lab4_code/Sign_Extend.v" into library xil_defaultlib
INFO: [VRFC 10-311] analyzing module Sign_Extend
INFO: [VRFC 10-2263] Analyzing Verilog file "D:/colab_2022/CO_LAB4/lab_4/lab_4.srcs/sources_1/imports/lab4_code/TestBench.v" into library xil_defaultlib
INFO: [VRFC 10-311] analyzing module TestBench
INFO: [USF-XSim-69] 'compile' step finished in '3' seconds
INFO: [USF-XSim-3] XSim::Elaborate design
INFO: [USF-XSim-61] Executing 'ELABORATE' step in 'D:/colab_2022/CO_LAB4/lab_4/lab_4.sim/sim_1/behav/xsim'
"xelab -wto 4c9c8eac7acb4672a93418af8ad62d56 --incr --debug typical --relax --mt 32 -L xil_defaultlib -L unisims_ver -L unimacro_ver -L secureip --snapshot TestBench_behav xil_defaultlib.TestBench xil_defaultlib.glbl -log elaborate.log"
Vivado Simulator v2021.1
Copyright 1986-1999, 2001-2021 Xilinx, Inc. All Rights Reserved.
Running: D:/vivado/Vivado/2021.1/bin/unwrapped/win64.o/xelab.exe -wto 4c9c8eac7acb4672a93418af8ad62d56 --incr --debug typical --relax --mt 32 -L xil_defaultlib -L unisims_ver -L unimacro_ver -L secureip --snapshot TestBench_behav xil_defaultlib.TestBench xil_defaultlib.glbl -log elaborate.log 
Using 32 slave threads.
Starting static elaboration
Pass Through NonSizing Optimizer
WARNING: [VRFC 10-3091] actual bit length 2 differs from formal bit length 1 for port 'select_i' [D:/colab_2022/CO_LAB4/lab_4/lab_4.srcs/sources_1/imports/lab4_code/Pipe_CPU_1.v:196]
WARNING: [VRFC 10-3091] actual bit length 2 differs from formal bit length 1 for port 'select_i' [D:/colab_2022/CO_LAB4/lab_4/lab_4.srcs/sources_1/imports/lab4_code/Pipe_CPU_1.v:245]
Completed static elaboration
Starting simulation data flow analysis
WARNING: [XSIM 43-4099] "D:/colab_2022/CO_LAB4/lab_4/lab_4.srcs/sources_1/imports/lab4_code/Adder.v" Line 13. Module Adder doesn't have a timescale but at least one module in design has a timescale.
WARNING: [XSIM 43-4099] "D:/colab_2022/CO_LAB4/lab_4/lab_4.srcs/sources_1/imports/lab4_code/ALU.v" Line 13. Module ALU doesn't have a timescale but at least one module in design has a timescale.
WARNING: [XSIM 43-4099] "D:/colab_2022/CO_LAB4/lab_4/lab_4.srcs/sources_1/imports/lab4_code/ALU_Ctrl.v" Line 13. Module ALU_Control doesn't have a timescale but at least one module in design has a timescale.
WARNING: [XSIM 43-4099] "D:/colab_2022/CO_LAB4/lab_4/lab_4.srcs/sources_1/imports/lab4_code/Adder.v" Line 13. Module Adder doesn't have a timescale but at least one module in design has a timescale.
WARNING: [XSIM 43-4099] "D:/colab_2022/CO_LAB4/lab_4/lab_4.srcs/sources_1/imports/lab4_code/Adder.v" Line 13. Module Adder doesn't have a timescale but at least one module in design has a timescale.
WARNING: [XSIM 43-4099] "D:/colab_2022/CO_LAB4/lab_4/lab_4.srcs/sources_1/imports/lab4_code/ALU.v" Line 13. Module ALU doesn't have a timescale but at least one module in design has a timescale.
WARNING: [XSIM 43-4099] "D:/colab_2022/CO_LAB4/lab_4/lab_4.srcs/sources_1/imports/lab4_code/ALU_Ctrl.v" Line 13. Module ALU_Control doesn't have a timescale but at least one module in design has a timescale.
WARNING: [XSIM 43-4099] "D:/colab_2022/CO_LAB4/lab_4/lab_4.srcs/sources_1/imports/lab4_code/Adder.v" Line 13. Module Adder doesn't have a timescale but at least one module in design has a timescale.
Completed simulation data flow analysis
Time Resolution for simulation is 1ps
Compiling module xil_defaultlib.MUX_2to1(size=32)
Compiling module xil_defaultlib.ProgramCounter
Compiling module xil_defaultlib.Instruction_Memory
Compiling module xil_defaultlib.Adder
Compiling module xil_defaultlib.Pipe_Reg(size=64)
Compiling module xil_defaultlib.Reg_File
Compiling module xil_defaultlib.Decoder
Compiling module xil_defaultlib.Sign_Extend
Compiling module xil_defaultlib.Pipe_Reg(size=150)
Compiling module xil_defaultlib.Shift_Left_Two_32
Compiling module xil_defaultlib.ALU
Compiling module xil_defaultlib.ALU_Control
Compiling module xil_defaultlib.MUX_2to1(size=5)
Compiling module xil_defaultlib.Pipe_Reg(size=108)
Compiling module xil_defaultlib.Data_Memory
Compiling module xil_defaultlib.Pipe_Reg(size=72)
Compiling module xil_defaultlib.Pipe_CPU_1
Compiling module xil_defaultlib.TestBench
Compiling module xil_defaultlib.glbl
Built simulation snapshot TestBench_behav
run_program: Time (s): cpu = 00:00:00 ; elapsed = 00:00:05 . Memory (MB): peak = 1118.367 ; gain = 0.000
INFO: [USF-XSim-69] 'elaborate' step finished in '5' seconds
INFO: [USF-XSim-4] XSim::Simulate design
INFO: [USF-XSim-61] Executing 'SIMULATE' step in 'D:/colab_2022/CO_LAB4/lab_4/lab_4.sim/sim_1/behav/xsim'
INFO: [USF-XSim-98] *** Running xsim
   with args "TestBench_behav -key {Behavioral:sim_1:Functional:TestBench} -tclbatch {TestBench.tcl} -log {simulate.log}"
INFO: [USF-XSim-8] Loading simulator feature
Time resolution is 1 ps
source TestBench.tcl
# set curr_wave [current_wave_config]
# if { [string length $curr_wave] == 0 } {
#   if { [llength [get_objects]] > 0} {
#     add_wave /
#     set_property needs_save false [current_wave_config]
#   } else {
#      send_msg_id Add_Wave-1 WARNING "No top level signals found. Simulator will start without a wave window. If you want to open a wave window go to 'File->New Waveform Configuration' or type 'create_wave_config' in the TCL console."
#   }
# }
# run 1000ns
Register===========================================================

r0=          0, r1=          0, r2=          0, r3=          0, r4=          0, r5=          0, r6=          0, r7=          0
 
r8=          0, r9=          0, r10=          0, r11=          0, r12=          0, r13=          0, r14=          0, r15=          0
 
r16=          0, r17=          0, r18=          0, r19=          0, r20=          0, r21=          0, r22=          0, r23=          0
 
r24=          0, r25=          0, r26=          0, r27=          0, r28=          0, r29=          0, r30=          0, r31=          0
 

Memory===========================================================

m0=         0, m1=         0, m2=         0, m3=         0, m4=         0, m5=         0, m6=         0, m7=         0

m8=         0, m9=         0, m10=         0, m11=         0, m12=         0, m13=         0, m14=         0, m15=         0

r16=         0, m17=         0, m18=         0, m19=         0, m20=         0, m21=         0, m22=         0, m23=         0

m24=         0, m25=         0, m26=         0, m27=         0, m28=         0, m29=         0, m30=         0, m31=         0
Register===========================================================

r0=          0, r1=          0, r2=          0, r3=          0, r4=          0, r5=          0, r6=          0, r7=          0
 
r8=          0, r9=          0, r10=          0, r11=          0, r12=          0, r13=          0, r14=          0, r15=          0
 
r16=          0, r17=          0, r18=          0, r19=          0, r20=          0, r21=          0, r22=          0, r23=          0
 
r24=          0, r25=          0, r26=          0, r27=          0, r28=          0, r29=          0, r30=          0, r31=          0
 

Memory===========================================================

m0=         0, m1=         0, m2=         0, m3=         0, m4=         0, m5=         0, m6=         0, m7=         0

m8=         0, m9=         0, m10=         0, m11=         0, m12=         0, m13=         0, m14=         0, m15=         0

r16=         0, m17=         0, m18=         0, m19=         0, m20=         0, m21=         0, m22=         0, m23=         0

m24=         0, m25=         0, m26=         0, m27=         0, m28=         0, m29=         0, m30=         0, m31=         0
Register===========================================================

r0=          0, r1=          0, r2=          0, r3=          0, r4=          0, r5=          0, r6=          0, r7=          0
 
r8=          0, r9=          0, r10=          0, r11=          0, r12=          0, r13=          0, r14=          0, r15=          0
 
r16=          0, r17=          0, r18=          0, r19=          0, r20=          0, r21=          0, r22=          0, r23=          0
 
r24=          0, r25=          0, r26=          0, r27=          0, r28=          0, r29=          0, r30=          0, r31=          0
 

Memory===========================================================

m0=         0, m1=         0, m2=         0, m3=         0, m4=         0, m5=         0, m6=         0, m7=         0

m8=         0, m9=         0, m10=         0, m11=         0, m12=         0, m13=         0, m14=         0, m15=         0

r16=         0, m17=         0, m18=         0, m19=         0, m20=         0, m21=         0, m22=         0, m23=         0

m24=         0, m25=         0, m26=         0, m27=         0, m28=         0, m29=         0, m30=         0, m31=         0
Register===========================================================

r0=          0, r1=          0, r2=          0, r3=          0, r4=          0, r5=          0, r6=          0, r7=          0
 
r8=          0, r9=          0, r10=          0, r11=          0, r12=          0, r13=          0, r14=          0, r15=          0
 
r16=          0, r17=          0, r18=          0, r19=          0, r20=          0, r21=          0, r22=          0, r23=          0
 
r24=          0, r25=          0, r26=          0, r27=          0, r28=          0, r29=          0, r30=          0, r31=          0
 

Memory===========================================================

m0=         0, m1=         0, m2=         0, m3=         0, m4=         0, m5=         0, m6=         0, m7=         0

m8=         0, m9=         0, m10=         0, m11=         0, m12=         0, m13=         0, m14=         0, m15=         0

r16=         0, m17=         0, m18=         0, m19=         0, m20=         0, m21=         0, m22=         0, m23=         0

m24=         0, m25=         0, m26=         0, m27=         0, m28=         0, m29=         0, m30=         0, m31=         0
Register===========================================================

r0=          0, r1=          0, r2=          0, r3=          0, r4=          0, r5=          0, r6=          0, r7=          0
 
r8=          0, r9=          0, r10=          0, r11=          0, r12=          0, r13=          0, r14=          0, r15=          0
 
r16=          0, r17=          0, r18=          0, r19=          0, r20=          0, r21=          0, r22=          0, r23=          0
 
r24=          0, r25=          0, r26=          0, r27=          0, r28=          0, r29=          0, r30=          0, r31=          0
 

Memory===========================================================

m0=         0, m1=         0, m2=         0, m3=         0, m4=         0, m5=         0, m6=         0, m7=         0

m8=         0, m9=         0, m10=         0, m11=         0, m12=         0, m13=         0, m14=         0, m15=         0

r16=         0, m17=         0, m18=         0, m19=         0, m20=         0, m21=         0, m22=         0, m23=         0

m24=         0, m25=         0, m26=         0, m27=         0, m28=         0, m29=         0, m30=         0, m31=         0
Register===========================================================

r0=          0, r1=          0, r2=          0, r3=          0, r4=          0, r5=          0, r6=          0, r7=          0
 
r8=          0, r9=          0, r10=          0, r11=          0, r12=          0, r13=          0, r14=          0, r15=          0
 
r16=          0, r17=          0, r18=          0, r19=          0, r20=          0, r21=          0, r22=          0, r23=          0
 
r24=          0, r25=          0, r26=          0, r27=          0, r28=          0, r29=          0, r30=          0, r31=          0
 

Memory===========================================================

m0=         0, m1=         0, m2=         0, m3=         0, m4=         0, m5=         0, m6=         0, m7=         0

m8=         0, m9=         0, m10=         0, m11=         0, m12=         0, m13=         0, m14=         0, m15=         0

r16=         0, m17=         0, m18=         0, m19=         0, m20=         0, m21=         0, m22=         0, m23=         0

m24=         0, m25=         0, m26=         0, m27=         0, m28=         0, m29=         0, m30=         0, m31=         0
Register===========================================================

r0=          0, r1=          0, r2=          0, r3=          0, r4=          0, r5=          0, r6=          0, r7=          0
 
r8=          0, r9=          0, r10=          0, r11=          0, r12=          0, r13=          0, r14=          0, r15=          0
 
r16=          0, r17=          0, r18=          0, r19=          0, r20=          0, r21=          0, r22=          0, r23=          0
 
r24=          0, r25=          0, r26=          0, r27=          0, r28=          0, r29=          0, r30=          0, r31=          0
 

Memory===========================================================

m0=         0, m1=         0, m2=         0, m3=         0, m4=         0, m5=         0, m6=         0, m7=         0

m8=         0, m9=         0, m10=         0, m11=         0, m12=         0, m13=         0, m14=         0, m15=         0

r16=         0, m17=         0, m18=         0, m19=         0, m20=         0, m21=         0, m22=         0, m23=         0

m24=         0, m25=         0, m26=         0, m27=         0, m28=         0, m29=         0, m30=         0, m31=         0
Register===========================================================

r0=          0, r1=          0, r2=          0, r3=          0, r4=          0, r5=          0, r6=          0, r7=          0
 
r8=          0, r9=          0, r10=          0, r11=          0, r12=          0, r13=          0, r14=          0, r15=          0
 
r16=          0, r17=          0, r18=          0, r19=          0, r20=          0, r21=          0, r22=          0, r23=          0
 
r24=          0, r25=          0, r26=          0, r27=          0, r28=          0, r29=          0, r30=          0, r31=          0
 

Memory===========================================================

m0=         0, m1=         0, m2=         0, m3=         0, m4=         0, m5=         0, m6=         0, m7=         0

m8=         0, m9=         0, m10=         0, m11=         0, m12=         0, m13=         0, m14=         0, m15=         0

r16=         0, m17=         0, m18=         0, m19=         0, m20=         0, m21=         0, m22=         0, m23=         0

m24=         0, m25=         0, m26=         0, m27=         0, m28=         0, m29=         0, m30=         0, m31=         0
Register===========================================================

r0=          0, r1=          0, r2=          0, r3=          0, r4=          0, r5=          0, r6=          0, r7=          0
 
r8=          0, r9=          0, r10=          0, r11=          0, r12=          0, r13=          0, r14=          0, r15=          0
 
r16=          0, r17=          0, r18=          0, r19=          0, r20=          0, r21=          0, r22=          0, r23=          0
 
r24=          0, r25=          0, r26=          0, r27=          0, r28=          0, r29=          0, r30=          0, r31=          0
 

Memory===========================================================

m0=         0, m1=         0, m2=         0, m3=         0, m4=         0, m5=         0, m6=         0, m7=         0

m8=         0, m9=         0, m10=         0, m11=         0, m12=         0, m13=         0, m14=         0, m15=         0

r16=         0, m17=         0, m18=         0, m19=         0, m20=         0, m21=         0, m22=         0, m23=         0

m24=         0, m25=         0, m26=         0, m27=         0, m28=         0, m29=         0, m30=         0, m31=         0
Register===========================================================

r0=          0, r1=          0, r2=          0, r3=          0, r4=          0, r5=          0, r6=          0, r7=          0
 
r8=          0, r9=          0, r10=          0, r11=          0, r12=          0, r13=          0, r14=          0, r15=          0
 
r16=          0, r17=          0, r18=          0, r19=          0, r20=          0, r21=          0, r22=          0, r23=          0
 
r24=          0, r25=          0, r26=          0, r27=          0, r28=          0, r29=          0, r30=          0, r31=          0
 

Memory===========================================================

m0=         0, m1=         0, m2=         0, m3=         0, m4=         0, m5=         0, m6=         0, m7=         0

m8=         0, m9=         0, m10=         0, m11=         0, m12=         0, m13=         0, m14=         0, m15=         0

r16=         0, m17=         0, m18=         0, m19=         0, m20=         0, m21=         0, m22=         0, m23=         0

m24=         0, m25=         0, m26=         0, m27=         0, m28=         0, m29=         0, m30=         0, m31=         0
Register===========================================================

r0=          0, r1=          0, r2=          0, r3=          0, r4=          0, r5=          0, r6=          0, r7=          0
 
r8=          0, r9=          0, r10=          0, r11=          0, r12=          0, r13=          0, r14=          0, r15=          0
 
r16=          0, r17=          0, r18=          0, r19=          0, r20=          0, r21=          0, r22=          0, r23=          0
 
r24=          0, r25=          0, r26=          0, r27=          0, r28=          0, r29=          0, r30=          0, r31=          0
 

Memory===========================================================

m0=         0, m1=         0, m2=         0, m3=         0, m4=         0, m5=         0, m6=         0, m7=         0

m8=         0, m9=         0, m10=         0, m11=         0, m12=         0, m13=         0, m14=         0, m15=         0

r16=         0, m17=         0, m18=         0, m19=         0, m20=         0, m21=         0, m22=         0, m23=         0

m24=         0, m25=         0, m26=         0, m27=         0, m28=         0, m29=         0, m30=         0, m31=         0
Register===========================================================

r0=          0, r1=          0, r2=          0, r3=          0, r4=          0, r5=          0, r6=          0, r7=          0
 
r8=          0, r9=          0, r10=          0, r11=          0, r12=          0, r13=          0, r14=          0, r15=          0
 
r16=          0, r17=          0, r18=          0, r19=          0, r20=          0, r21=          0, r22=          0, r23=          0
 
r24=          0, r25=          0, r26=          0, r27=          0, r28=          0, r29=          0, r30=          0, r31=          0
 

Memory===========================================================

m0=         0, m1=         0, m2=         0, m3=         0, m4=         0, m5=         0, m6=         0, m7=         0

m8=         0, m9=         0, m10=         0, m11=         0, m12=         0, m13=         0, m14=         0, m15=         0

r16=         0, m17=         0, m18=         0, m19=         0, m20=         0, m21=         0, m22=         0, m23=         0

m24=         0, m25=         0, m26=         0, m27=         0, m28=         0, m29=         0, m30=         0, m31=         0
Register===========================================================

r0=          0, r1=          0, r2=          0, r3=          0, r4=          0, r5=          0, r6=          0, r7=          0
 
r8=          0, r9=          0, r10=          0, r11=          0, r12=          0, r13=          0, r14=          0, r15=          0
 
r16=          0, r17=          0, r18=          0, r19=          0, r20=          0, r21=          0, r22=          0, r23=          0
 
r24=          0, r25=          0, r26=          0, r27=          0, r28=          0, r29=          0, r30=          0, r31=          0
 

Memory===========================================================

m0=         0, m1=         0, m2=         0, m3=         0, m4=         0, m5=         0, m6=         0, m7=         0

m8=         0, m9=         0, m10=         0, m11=         0, m12=         0, m13=         0, m14=         0, m15=         0

r16=         0, m17=         0, m18=         0, m19=         0, m20=         0, m21=         0, m22=         0, m23=         0

m24=         0, m25=         0, m26=         0, m27=         0, m28=         0, m29=         0, m30=         0, m31=         0
Register===========================================================

r0=          0, r1=          0, r2=          0, r3=          0, r4=          0, r5=          0, r6=          0, r7=          0
 
r8=          0, r9=          0, r10=          0, r11=          0, r12=          0, r13=          0, r14=          0, r15=          0
 
r16=          0, r17=          0, r18=          0, r19=          0, r20=          0, r21=          0, r22=          0, r23=          0
 
r24=          0, r25=          0, r26=          0, r27=          0, r28=          0, r29=          0, r30=          0, r31=          0
 

Memory===========================================================

m0=         0, m1=         0, m2=         0, m3=         0, m4=         0, m5=         0, m6=         0, m7=         0

m8=         0, m9=         0, m10=         0, m11=         0, m12=         0, m13=         0, m14=         0, m15=         0

r16=         0, m17=         0, m18=         0, m19=         0, m20=         0, m21=         0, m22=         0, m23=         0

m24=         0, m25=         0, m26=         0, m27=         0, m28=         0, m29=         0, m30=         0, m31=         0
Register===========================================================

r0=          0, r1=          0, r2=          0, r3=          0, r4=          0, r5=          0, r6=          0, r7=          0
 
r8=          0, r9=          0, r10=          0, r11=          0, r12=          0, r13=          0, r14=          0, r15=          0
 
r16=          0, r17=          0, r18=          0, r19=          0, r20=          0, r21=          0, r22=          0, r23=          0
 
r24=          0, r25=          0, r26=          0, r27=          0, r28=          0, r29=          0, r30=          0, r31=          0
 

Memory===========================================================

m0=         0, m1=         0, m2=         0, m3=         0, m4=         0, m5=         0, m6=         0, m7=         0

m8=         0, m9=         0, m10=         0, m11=         0, m12=         0, m13=         0, m14=         0, m15=         0

r16=         0, m17=         0, m18=         0, m19=         0, m20=         0, m21=         0, m22=         0, m23=         0

m24=         0, m25=         0, m26=         0, m27=         0, m28=         0, m29=         0, m30=         0, m31=         0
Register===========================================================

r0=          0, r1=          0, r2=          0, r3=          0, r4=          0, r5=          0, r6=          0, r7=          0
 
r8=          0, r9=          0, r10=          4, r11=          0, r12=          0, r13=          0, r14=          0, r15=          0
 
r16=          0, r17=          0, r18=          0, r19=          0, r20=          0, r21=          0, r22=          0, r23=          0
 
r24=          0, r25=          0, r26=          0, r27=          0, r28=          0, r29=          0, r30=          0, r31=          0
 

Memory===========================================================

m0=         0, m1=         0, m2=         0, m3=         0, m4=         0, m5=         0, m6=         0, m7=         0

m8=         0, m9=         0, m10=         0, m11=         0, m12=         0, m13=         0, m14=         0, m15=         0

r16=         0, m17=         0, m18=         0, m19=         0, m20=         0, m21=         0, m22=         0, m23=         0

m24=         0, m25=         0, m26=         0, m27=         0, m28=         0, m29=         0, m30=         0, m31=         0
Register===========================================================

r0=          0, r1=          0, r2=          0, r3=          0, r4=          0, r5=          0, r6=          0, r7=          0
 
r8=          0, r9=          0, r10=          4, r11=          0, r12=          0, r13=          0, r14=          0, r15=          0
 
r16=          0, r17=          0, r18=          0, r19=          0, r20=          0, r21=          0, r22=          0, r23=          0
 
r24=          0, r25=          0, r26=          0, r27=          0, r28=          0, r29=          0, r30=          0, r31=          0
 

Memory===========================================================

m0=         0, m1=         0, m2=         0, m3=         0, m4=         0, m5=         0, m6=         0, m7=         0

m8=         0, m9=         0, m10=         0, m11=         0, m12=         0, m13=         0, m14=         0, m15=         0

r16=         0, m17=         0, m18=         0, m19=         0, m20=         0, m21=         0, m22=         0, m23=         0

m24=         0, m25=         0, m26=         0, m27=         0, m28=         0, m29=         0, m30=         0, m31=         0
Register===========================================================

r0=          0, r1=          0, r2=          0, r3=          0, r4=          0, r5=          0, r6=          0, r7=          0
 
r8=          0, r9=          0, r10=          4, r11=          0, r12=          0, r13=          0, r14=          0, r15=          0
 
r16=          0, r17=          0, r18=          0, r19=          0, r20=          0, r21=          0, r22=          0, r23=          0
 
r24=          0, r25=          0, r26=          0, r27=          0, r28=          0, r29=          0, r30=          0, r31=          0
 

Memory===========================================================

m0=         0, m1=         0, m2=         0, m3=         0, m4=         0, m5=         0, m6=         0, m7=         0

m8=         0, m9=         0, m10=         0, m11=         0, m12=         0, m13=         0, m14=         0, m15=         0

r16=         0, m17=         0, m18=         0, m19=         0, m20=         0, m21=         0, m22=         0, m23=         0

m24=         0, m25=         0, m26=         0, m27=         0, m28=         0, m29=         0, m30=         0, m31=         0
Register===========================================================

r0=          0, r1=          0, r2=          0, r3=          0, r4=          0, r5=          0, r6=          0, r7=          0
 
r8=          0, r9=          0, r10=          4, r11=          0, r12=          0, r13=          0, r14=          0, r15=          0
 
r16=          0, r17=          0, r18=          0, r19=          0, r20=          0, r21=          0, r22=          0, r23=          0
 
r24=          0, r25=          0, r26=          0, r27=          0, r28=          0, r29=          0, r30=          0, r31=          0
 

Memory===========================================================

m0=         0, m1=         0, m2=         0, m3=         0, m4=         0, m5=         0, m6=         0, m7=         0

m8=         0, m9=         0, m10=         0, m11=         0, m12=         0, m13=         0, m14=         0, m15=         0

r16=         0, m17=         0, m18=         0, m19=         0, m20=         0, m21=         0, m22=         0, m23=         0

m24=         0, m25=         0, m26=         0, m27=         0, m28=         0, m29=         0, m30=         0, m31=         0
Register===========================================================

r0=          0, r1=          0, r2=          0, r3=          0, r4=          0, r5=          0, r6=          0, r7=          0
 
r8=          0, r9=          0, r10=          4, r11=          0, r12=          0, r13=          0, r14=          0, r15=          0
 
r16=          0, r17=          0, r18=          0, r19=          0, r20=          0, r21=          0, r22=          0, r23=          0
 
r24=          0, r25=          0, r26=          0, r27=          0, r28=          0, r29=          0, r30=          0, r31=          0
 

Memory===========================================================

m0=         0, m1=         0, m2=         0, m3=         0, m4=         0, m5=         0, m6=         0, m7=         0

m8=         0, m9=         0, m10=         0, m11=         0, m12=         0, m13=         0, m14=         0, m15=         0

r16=         0, m17=         0, m18=         0, m19=         0, m20=         0, m21=         0, m22=         0, m23=         0

m24=         0, m25=         0, m26=         0, m27=         0, m28=         0, m29=         0, m30=         0, m31=         0
Register===========================================================

r0=          0, r1=          0, r2=          0, r3=          0, r4=          0, r5=          0, r6=          0, r7=          0
 
r8=          0, r9=          0, r10=          4, r11=          0, r12=          0, r13=          0, r14=          0, r15=          0
 
r16=          0, r17=          0, r18=          0, r19=          0, r20=          0, r21=          0, r22=          0, r23=          0
 
r24=          0, r25=          0, r26=          0, r27=          0, r28=          0, r29=          0, r30=          0, r31=          0
 

Memory===========================================================

m0=         0, m1=         0, m2=         0, m3=         0, m4=         0, m5=         0, m6=         0, m7=         0

m8=         0, m9=         0, m10=         0, m11=         0, m12=         0, m13=         0, m14=         0, m15=         0

r16=         0, m17=         0, m18=         0, m19=         0, m20=         0, m21=         0, m22=         0, m23=         0

m24=         0, m25=         0, m26=         0, m27=         0, m28=         0, m29=         0, m30=         0, m31=         0
$stop called at time : 210 ns : File "D:/colab_2022/CO_LAB4/lab_4/lab_4.srcs/sources_1/imports/lab4_code/TestBench.v" Line 55
INFO: [USF-XSim-96] XSim completed. Design snapshot 'TestBench_behav' loaded.
INFO: [USF-XSim-97] XSim simulation ran for 1000ns
launch_simulation: Time (s): cpu = 00:00:06 ; elapsed = 00:00:13 . Memory (MB): peak = 1118.367 ; gain = 0.000
close_sim
INFO: [Simtcl 6-16] Simulation closed
exit
INFO: [Common 17-206] Exiting Vivado at Mon Jun  6 00:37:43 2022...
